<?xml version="1.0" encoding="UTF-8"?>
<!-- Generated by org.testng.reporters.JUnitReportReporter -->
<testsuite hostname="DEVIL" failures="0" tests="1" name="testPackage.login" time="0.010" errors="0" timestamp="2024-01-19T12:08:01 IST" skipped="0">
  <testcase classname="testPackage.login" name="test" time="0.010"/>
  <system-out>
    <![CDATA[login is completed ]]>
  </system-out>
</testsuite> <!-- testPackage.login -->
